This is pdfTeX, Version 3.14159265-2.6-1.40.21 (TeX Live 2020) (preloaded format=latex 2025.12.6)  6 DEC 2025 15:46
entering extended mode
 restricted \write18 enabled.
 %&-line parsing enabled.
**multirow.ins
(./multirow.ins
LaTeX2e <2020-10-01> patch level 4
L3 programming layer <2021-02-18>
(/usr/share/texlive/texmf-dist/tex/latex/base/docstrip.tex
\blockLevel=\count179
\emptyLines=\count180
\processedLines=\count181
\commentsRemoved=\count182
\commentsPassed=\count183
\codeLinesPassed=\count184
\TotalprocessedLines=\count185
\TotalcommentsRemoved=\count186
\TotalcommentsPassed=\count187
\TotalcodeLinesPassed=\count188
\NumberOfFiles=\count189
\inFile=\read2
\inputcheck=\read3
\off@0=\count190
\off@1=\count191
\off@2=\count192
\off@3=\count193
\off@4=\count194
\off@5=\count195
\off@6=\count196
\off@7=\count197
\off@8=\count198
\off@9=\count199
\off@10=\count266
\off@11=\count267
\off@12=\count268
\off@13=\count269
\off@14=\count270
\off@15=\count271
\@maxfiles=\count272
\@maxoutfiles=\count273

Utility: `docstrip' v2.6a <2020-07-07>
English documentation    <2020-07-11>

**********************************************************
* This program converts documented macro-files into fast *
* loadable files by stripping off (nearly) all comments! *
**********************************************************

********************************************************
* No Configuration file found, using default settings. *
********************************************************

)

Generating file(s) ./multirow.sty 
\openout0 = `./multirow.sty'.


Processing file multirow.dtx (multirow) -> multirow.sty
File multirow.dtx ended by \endinput.
Lines  processed: 2331
Comments removed: 2084
Comments  passed: 3
Codelines passed: 224


Generating file(s) ./bigstrut.sty 
\openout0 = `./bigstrut.sty'.


Processing file multirow.dtx (bigstrut) -> bigstrut.sty
File multirow.dtx ended by \endinput.
Lines  processed: 2331
Comments removed: 2084
Comments  passed: 3
Codelines passed: 224


Generating file(s) ./bigdelim.sty 
\openout0 = `./bigdelim.sty'.


Processing file multirow.dtx (bigdelim) -> bigdelim.sty
File multirow.dtx ended by \endinput.
Lines  processed: 2331
Comments removed: 2084
Comments  passed: 3
Codelines passed: 224

*************************************************************
*                                                           *
* To finish the installation you have to move the following *
* file into a directory searched by TeX:                    *
*                                                           *
*     multirow.sty                                          *
*     bigstrut.sty                                          *
*     bigdelim.sty                                          *
*                                                           *
* To produce the documentation run the file multirow.dtx    *
* through LaTeX.                                            *
*                                                           *
* Happy TeXing!                                             *
*                                                           *
*************************************************************
Overall statistics:
Files  processed: 3
Lines  processed: 6993
Comments removed: 6252
Comments  passed: 9
Codelines passed: 672
 ) 
Here is how much of TeX's memory you used:
 351 strings out of 481009
 3767 string characters out of 5909465
 286122 words of memory out of 5000000
 17630 multiletter control sequences out of 15000+600000
 403430 words of font info for 27 fonts, out of 8000000 for 9000
 14 hyphenation exceptions out of 8191
 13i,0n,15p,230b,124s stack positions out of 5000i,500n,10000p,200000b,80000s

No pages of output.
